<?xml version="1.0" encoding="UTF-8"?>
<!-- Generated by org.testng.reporters.JUnitReportReporter -->
<testsuite hostname="Shubham-Tripathi" failures="0" tests="1" name="testNG.DemoTest" time="0.028" errors="0" timestamp="2024-09-10T21:02:19 IST" skipped="0">
  <testcase classname="testNG.DemoTest" name="dTest" time="0.028"/>
  <system-out/>
</testsuite> <!-- testNG.DemoTest -->
